Ran 30 tests in 0.675 seconds

E
======================================================================
ERROR: setUpClass (metrics.tests.test_apis.APITests)
----------------------------------------------------------------------
Traceback (most recent call last):
  File "/home/nadeemramli/workspace/github.com/nadeemramli/mapping-of-metrics/metric-map-app/backend/metricMapAPI/metrics/tests/test_apis.py", line 16, in setUpClass
    super().setUpClass()
  File "/home/nadeemramli/workspace/github.com/nadeemramli/mapping-of-metrics/metric-map-app/backend/metricMapAPI/metrics/tests/test_utils.py", line 65, in setUpClass
    cls.tenant = cls.get_test_tenant()
AttributeError: type object 'APITests' has no attribute 'get_test_tenant'

----------------------------------------------------------------------
Ran 0 tests in 0.675s

FAILED (errors=1)

Test Result: Failure
Errors: 1
Failures: 0
